<?xml version="1.0" encoding="UTF-8"?>
<!--
 * Copyright 2012 the original author or authors.
 *
 * Licensed under the Apache License, Version 2.0 (the "License");
 * you may not use this file except in compliance with the License.
 * You may obtain a copy of the License at
 *
 *      http://www.apache.org/licenses/LICENSE-2.0
 *
 * Unless required by applicable law or agreed to in writing, software
 * distributed under the License is distributed on an "AS IS" BASIS,
 * WITHOUT WARRANTIES OR CONDITIONS OF ANY KIND, either express or implied.
 * See the License for the specific language governing permissions and
 * limitations under the License.
-->
<!--suppress DuplicatedBeanNamesInspection -->
<beans xmlns="http://www.springframework.org/schema/beans"
			 xmlns:i="http://www.springframework.org/schema/integration"
			 xmlns:util="http://www.springframework.org/schema/util"
			 xmlns:xsi="http://www.w3.org/2001/XMLSchema-instance"
			 xsi:schemaLocation="
           http://www.springframework.org/schema/beans https://www.springframework.org/schema/beans/spring-beans.xsd
           http://www.springframework.org/schema/integration https://www.springframework.org/schema/integration/spring-integration.xsd
           http://www.springframework.org/schema/util https://www.springframework.org/schema/util/spring-util.xsd
       ">
	<import resource="home-dinner-flow.xml"/>

	<util:map id="conf">
		<entry key="recipebook.location" value="#{recipeBookLocation.root}"/>
	</util:map>

	<bean id="recipeBookLocation" class="org.junit.rules.TemporaryFolder" init-method="create" destroy-method="delete"/>
</beans>